<?xml version="1.0" encoding="UTF-8"?>
<!-- Generated by org.testng.reporters.JUnitXMLReporter -->
<testsuite ignored="0" hostname="DESKTOP-42S55DB" failures="0" tests="4" name="Test3" time="0.072" errors="0" timestamp="2024-05-02T20:38:45 IST">
  <testcase classname="Framework.TestNGEx" name="createContact" time="0.013"/>
  <testcase classname="Framework.TestNGEx" name="modifyContact" time="0.002"/>
  <testcase classname="Framework.TestNGEx" name="modifyContact" time="0.001"/>
  <testcase classname="Framework.TestNGEx" name="deleteContact" time="0.002"/>
</testsuite> <!-- Test3 -->
