<?xml version="1.0" encoding="UTF-8"?>
<!-- Generated by org.testng.reporters.JUnitXMLReporter -->
<testsuite ignored="0" hostname="DESKTOP-42S55DB" failures="0" tests="7" name="Test" time="40.53" errors="0" timestamp="2024-04-30T20:09:46 IST">
  <testcase classname="Framework.TestNGEx" name="createContact" time="0.025"/>
  <testcase classname="Framework.TestNGEx" name="modifyContact" time="0.002"/>
  <testcase classname="Framework.TestNGEx" name="modifyContact" time="0.001"/>
  <testcase classname="Framework.TestNGEx" name="deleteContact" time="0.006"/>
  <testcase classname="Framework.TestNGEx1" name="testNGEx1" time="14.223"/>
  <testcase classname="Handling.HandlingAutoSuggesstionEx1" name="HandlingAutoSuggesstionEx1" time="7.932"/>
  <testcase classname="Handling.HandlingAutoSuggestionEx2" name="HandlingAutoSuggestionEx2" time="18.274"/>
</testsuite> <!-- Test -->
